11:16:14.366 INFO - Selenium build info: version: '3.6.0', revision: '6fbf3ec767'
11:16:14.367 INFO - Launching a standalone Selenium Server
2018-04-11 11:16:14.411:INFO::main: Logging initialized @470ms to org.seleniumhq.jetty9.util.log.StdErrLog
11:16:14.478 INFO - Driver class not found: com.opera.core.systems.OperaDriver
11:16:14.506 INFO - Driver provider class org.openqa.selenium.ie.InternetExplorerDriver registration is skipped:
 registration capabilities Capabilities [{ensureCleanSession=true, browserName=internet explorer, version=, platform=WINDOWS}] does not match the current platform MAC
11:16:14.506 INFO - Driver provider class org.openqa.selenium.edge.EdgeDriver registration is skipped:
 registration capabilities Capabilities [{browserName=MicrosoftEdge, version=, platform=WINDOWS}] does not match the current platform MAC
11:16:14.547 INFO - Using the passthrough mode handler
2018-04-11 11:16:14.575:INFO:osjs.Server:main: jetty-9.4.5.v20170502
2018-04-11 11:16:14.614:WARN:osjs.SecurityHandler:main: ServletContext@o.s.j.s.ServletContextHandler@7d20d0b{/,null,STARTING} has uncovered http methods for path: /
2018-04-11 11:16:14.620:INFO:osjsh.ContextHandler:main: Started o.s.j.s.ServletContextHandler@7d20d0b{/,null,AVAILABLE}
2018-04-11 11:16:14.653:INFO:osjs.AbstractConnector:main: Started ServerConnector@609db43b{HTTP/1.1,[http/1.1]}{0.0.0.0:4445}
2018-04-11 11:16:14.654:INFO:osjs.Server:main: Started @713ms
11:16:14.654 INFO - Selenium Server is up and running
2018-04-11 11:16:15.016:INFO:osjshC.ROOT:qtp1906808037-12: org.openqa.selenium.remote.server.WebDriverServlet-72967906: Initialising WebDriverServlet
11:16:15.071 INFO - Binding default provider to: org.openqa.selenium.chrome.ChromeDriverService
11:16:15.073 INFO - Found handler: org.openqa.selenium.remote.server.commandhandler.BeginSession@18a02ff9
11:16:15.077 INFO - /session: Executing POST on /session (handler: BeginSession)
11:16:15.137 INFO - Capabilities are: Capabilities {acceptSslCerts=true, name=Home Page Tests, browserName=chrome, javascriptEnabled=true, platformName=ANY, platform=ANY, }
11:16:15.139 INFO - Capabilities {acceptSslCerts=true, name=Home Page Tests, browserName=chrome, javascriptEnabled=true, platformName=ANY, platform=ANY, } matched class org.openqa.selenium.remote.server.ServicedSession$Factory (provider: org.openqa.selenium.chrome.ChromeDriverService)
11:16:15.139 INFO - Capabilities {acceptSslCerts=true, name=Home Page Tests, browserName=chrome, javascriptEnabled=true, platformName=ANY, platform=ANY, } matched class org.openqa.selenium.remote.server.ServicedSession$Factory (provider: org.openqa.selenium.chrome.ChromeDriverService)
Starting ChromeDriver 2.36.540469 (1881fd7f8641508feb5166b7cae561d87723cfa8) on port 11742
Only local connections are allowed.
11:16:17.197 INFO - Found handler: org.openqa.selenium.remote.server.ServicedSession@113276b9
11:16:17.198 INFO - Handler thread for session 9e2f1a867cceacc017f2f5aae75a438b (chrome): Executing POST on /session/9e2f1a867cceacc017f2f5aae75a438b/url (handler: ServicedSession)
11:16:17.201 INFO - To upstream: {"url":"http://wildlife.utah.gov"}
11:16:22.123 INFO - To downstream: {"sessionId":"9e2f1a867cceacc017f2f5aae75a438b","status":0,"value":null}
11:16:22.132 INFO - Found handler: org.openqa.selenium.remote.server.ServicedSession@113276b9
11:16:22.133 INFO - Handler thread for session 9e2f1a867cceacc017f2f5aae75a438b (chrome): Executing POST on /session/9e2f1a867cceacc017f2f5aae75a438b/elements (handler: ServicedSession)
11:16:22.134 INFO - To upstream: {"using":"css selector","value":"div[id=\"utahgov_statewideheader\"]"}
11:16:22.150 INFO - To downstream: {"sessionId":"9e2f1a867cceacc017f2f5aae75a438b","status":0,"value":[{"ELEMENT":"0.15010651115882734-1"}]}
11:16:22.156 INFO - Found handler: org.openqa.selenium.remote.server.ServicedSession@113276b9
11:16:22.156 INFO - Handler thread for session 9e2f1a867cceacc017f2f5aae75a438b (chrome): Executing GET on /session/9e2f1a867cceacc017f2f5aae75a438b/element/0.15010651115882734-1/displayed (handler: ServicedSession)
11:16:22.171 INFO - To downstream: {"sessionId":"9e2f1a867cceacc017f2f5aae75a438b","status":0,"value":true}
11:16:22.186 INFO - Found handler: org.openqa.selenium.remote.server.ServicedSession@113276b9
11:16:22.186 INFO - Handler thread for session 9e2f1a867cceacc017f2f5aae75a438b (chrome): Executing POST on /session/9e2f1a867cceacc017f2f5aae75a438b/element (handler: ServicedSession)
11:16:22.188 INFO - To upstream: {"using":"css selector","value":"div[id=\"utahgov_statewideheader\"]"}
11:16:22.203 INFO - To downstream: {"sessionId":"9e2f1a867cceacc017f2f5aae75a438b","status":0,"value":{"ELEMENT":"0.15010651115882734-1"}}
11:16:22.209 INFO - Found handler: org.openqa.selenium.remote.server.ServicedSession@113276b9
11:16:22.210 INFO - Handler thread for session 9e2f1a867cceacc017f2f5aae75a438b (chrome): Executing POST on /session/9e2f1a867cceacc017f2f5aae75a438b/element/0.15010651115882734-1/element (handler: ServicedSession)
11:16:22.211 INFO - To upstream: {"using":"xpath","value":"//*[@id=\"utahgov_statewideheader_brand\"]"}
11:16:22.228 INFO - To downstream: {"sessionId":"9e2f1a867cceacc017f2f5aae75a438b","status":0,"value":{"ELEMENT":"0.15010651115882734-2"}}
11:16:22.233 INFO - Found handler: org.openqa.selenium.remote.server.ServicedSession@113276b9
11:16:22.233 INFO - Handler thread for session 9e2f1a867cceacc017f2f5aae75a438b (chrome): Executing GET on /session/9e2f1a867cceacc017f2f5aae75a438b/element/0.15010651115882734-2/displayed (handler: ServicedSession)
11:16:22.247 INFO - To downstream: {"sessionId":"9e2f1a867cceacc017f2f5aae75a438b","status":0,"value":true}
11:16:22.253 INFO - Found handler: org.openqa.selenium.remote.server.ServicedSession@113276b9
11:16:22.253 INFO - Handler thread for session 9e2f1a867cceacc017f2f5aae75a438b (chrome): Executing POST on /session/9e2f1a867cceacc017f2f5aae75a438b/element (handler: ServicedSession)
11:16:22.256 INFO - To upstream: {"using":"css selector","value":"div[id=\"utahgov_statewideheader\"]"}
11:16:22.266 INFO - To downstream: {"sessionId":"9e2f1a867cceacc017f2f5aae75a438b","status":0,"value":{"ELEMENT":"0.15010651115882734-1"}}
11:16:22.270 INFO - Found handler: org.openqa.selenium.remote.server.ServicedSession@113276b9
11:16:22.270 INFO - Handler thread for session 9e2f1a867cceacc017f2f5aae75a438b (chrome): Executing POST on /session/9e2f1a867cceacc017f2f5aae75a438b/element/0.15010651115882734-1/element (handler: ServicedSession)
11:16:22.271 INFO - To upstream: {"using":"css selector","value":"a[title=\"Services\"]"}
11:16:22.288 INFO - To downstream: {"sessionId":"9e2f1a867cceacc017f2f5aae75a438b","status":0,"value":{"ELEMENT":"0.15010651115882734-3"}}
11:16:22.292 INFO - Found handler: org.openqa.selenium.remote.server.ServicedSession@113276b9
11:16:22.293 INFO - Handler thread for session 9e2f1a867cceacc017f2f5aae75a438b (chrome): Executing GET on /session/9e2f1a867cceacc017f2f5aae75a438b/element/0.15010651115882734-3/displayed (handler: ServicedSession)
11:16:22.307 INFO - To downstream: {"sessionId":"9e2f1a867cceacc017f2f5aae75a438b","status":0,"value":true}
11:16:22.315 INFO - Found handler: org.openqa.selenium.remote.server.ServicedSession@113276b9
11:16:22.316 INFO - Handler thread for session 9e2f1a867cceacc017f2f5aae75a438b (chrome): Executing POST on /session/9e2f1a867cceacc017f2f5aae75a438b/elements (handler: ServicedSession)
11:16:22.319 INFO - To upstream: {"using":"css selector","value":"div[id=\"utahgov_statewideheader\"]"}
11:16:22.328 INFO - To downstream: {"sessionId":"9e2f1a867cceacc017f2f5aae75a438b","status":0,"value":[{"ELEMENT":"0.15010651115882734-1"}]}
11:16:22.334 INFO - Found handler: org.openqa.selenium.remote.server.ServicedSession@113276b9
11:16:22.334 INFO - Handler thread for session 9e2f1a867cceacc017f2f5aae75a438b (chrome): Executing POST on /session/9e2f1a867cceacc017f2f5aae75a438b/element/0.15010651115882734-1/elements (handler: ServicedSession)
11:16:22.336 INFO - To upstream: {"using":"css selector","value":"a[title=\"Services\"]"}
11:16:22.349 INFO - To downstream: {"sessionId":"9e2f1a867cceacc017f2f5aae75a438b","status":0,"value":[{"ELEMENT":"0.15010651115882734-3"}]}
11:16:22.354 INFO - Found handler: org.openqa.selenium.remote.server.ServicedSession@113276b9
11:16:22.354 INFO - Handler thread for session 9e2f1a867cceacc017f2f5aae75a438b (chrome): Executing GET on /session/9e2f1a867cceacc017f2f5aae75a438b/element/0.15010651115882734-3/text (handler: ServicedSession)
11:16:22.371 INFO - To downstream: {"sessionId":"9e2f1a867cceacc017f2f5aae75a438b","status":0,"value":"Services"}
11:16:22.377 INFO - Found handler: org.openqa.selenium.remote.server.ServicedSession@113276b9
11:16:22.377 INFO - Handler thread for session 9e2f1a867cceacc017f2f5aae75a438b (chrome): Executing POST on /session/9e2f1a867cceacc017f2f5aae75a438b/element (handler: ServicedSession)
11:16:22.379 INFO - To upstream: {"using":"css selector","value":"div[id=\"utahgov_statewideheader\"]"}
11:16:22.389 INFO - To downstream: {"sessionId":"9e2f1a867cceacc017f2f5aae75a438b","status":0,"value":{"ELEMENT":"0.15010651115882734-1"}}
11:16:22.393 INFO - Found handler: org.openqa.selenium.remote.server.ServicedSession@113276b9
11:16:22.393 INFO - Handler thread for session 9e2f1a867cceacc017f2f5aae75a438b (chrome): Executing POST on /session/9e2f1a867cceacc017f2f5aae75a438b/element/0.15010651115882734-1/element (handler: ServicedSession)
11:16:22.395 INFO - To upstream: {"using":"css selector","value":"a[title=\"Agencies\"]"}
11:16:22.409 INFO - To downstream: {"sessionId":"9e2f1a867cceacc017f2f5aae75a438b","status":0,"value":{"ELEMENT":"0.15010651115882734-4"}}
11:16:22.414 INFO - Found handler: org.openqa.selenium.remote.server.ServicedSession@113276b9
11:16:22.414 INFO - Handler thread for session 9e2f1a867cceacc017f2f5aae75a438b (chrome): Executing GET on /session/9e2f1a867cceacc017f2f5aae75a438b/element/0.15010651115882734-4/displayed (handler: ServicedSession)
11:16:22.429 INFO - To downstream: {"sessionId":"9e2f1a867cceacc017f2f5aae75a438b","status":0,"value":true}
11:16:22.434 INFO - Found handler: org.openqa.selenium.remote.server.ServicedSession@113276b9
11:16:22.434 INFO - Handler thread for session 9e2f1a867cceacc017f2f5aae75a438b (chrome): Executing POST on /session/9e2f1a867cceacc017f2f5aae75a438b/elements (handler: ServicedSession)
11:16:22.436 INFO - To upstream: {"using":"css selector","value":"div[id=\"utahgov_statewideheader\"]"}
11:16:22.446 INFO - To downstream: {"sessionId":"9e2f1a867cceacc017f2f5aae75a438b","status":0,"value":[{"ELEMENT":"0.15010651115882734-1"}]}
11:16:22.451 INFO - Found handler: org.openqa.selenium.remote.server.ServicedSession@113276b9
11:16:22.452 INFO - Handler thread for session 9e2f1a867cceacc017f2f5aae75a438b (chrome): Executing POST on /session/9e2f1a867cceacc017f2f5aae75a438b/element/0.15010651115882734-1/elements (handler: ServicedSession)
11:16:22.454 INFO - To upstream: {"using":"css selector","value":"a[title=\"Agencies\"]"}
11:16:22.468 INFO - To downstream: {"sessionId":"9e2f1a867cceacc017f2f5aae75a438b","status":0,"value":[{"ELEMENT":"0.15010651115882734-4"}]}
11:16:22.474 INFO - Found handler: org.openqa.selenium.remote.server.ServicedSession@113276b9
11:16:22.475 INFO - Handler thread for session 9e2f1a867cceacc017f2f5aae75a438b (chrome): Executing GET on /session/9e2f1a867cceacc017f2f5aae75a438b/element/0.15010651115882734-4/text (handler: ServicedSession)
11:16:22.492 INFO - To downstream: {"sessionId":"9e2f1a867cceacc017f2f5aae75a438b","status":0,"value":"Agencies"}
11:16:22.496 INFO - Found handler: org.openqa.selenium.remote.server.ServicedSession@113276b9
11:16:22.497 INFO - Handler thread for session 9e2f1a867cceacc017f2f5aae75a438b (chrome): Executing POST on /session/9e2f1a867cceacc017f2f5aae75a438b/element (handler: ServicedSession)
11:16:22.498 INFO - To upstream: {"using":"css selector","value":"div[id=\"utahgov_statewideheader\"]"}
11:16:22.507 INFO - To downstream: {"sessionId":"9e2f1a867cceacc017f2f5aae75a438b","status":0,"value":{"ELEMENT":"0.15010651115882734-1"}}
11:16:22.512 INFO - Found handler: org.openqa.selenium.remote.server.ServicedSession@113276b9
11:16:22.513 INFO - Handler thread for session 9e2f1a867cceacc017f2f5aae75a438b (chrome): Executing POST on /session/9e2f1a867cceacc017f2f5aae75a438b/element/0.15010651115882734-1/element (handler: ServicedSession)
11:16:22.515 INFO - To upstream: {"using":"css selector","value":"button[id=\"utahgov_header_search_button\"]"}
11:16:22.529 INFO - To downstream: {"sessionId":"9e2f1a867cceacc017f2f5aae75a438b","status":0,"value":{"ELEMENT":"0.15010651115882734-5"}}
11:16:22.534 INFO - Found handler: org.openqa.selenium.remote.server.ServicedSession@113276b9
11:16:22.534 INFO - Handler thread for session 9e2f1a867cceacc017f2f5aae75a438b (chrome): Executing GET on /session/9e2f1a867cceacc017f2f5aae75a438b/element/0.15010651115882734-5/displayed (handler: ServicedSession)
11:16:22.549 INFO - To downstream: {"sessionId":"9e2f1a867cceacc017f2f5aae75a438b","status":0,"value":true}
11:16:22.553 INFO - Found handler: org.openqa.selenium.remote.server.ServicedSession@113276b9
11:16:22.553 INFO - Handler thread for session 9e2f1a867cceacc017f2f5aae75a438b (chrome): Executing POST on /session/9e2f1a867cceacc017f2f5aae75a438b/elements (handler: ServicedSession)
11:16:22.555 INFO - To upstream: {"using":"css selector","value":"div[id=\"utahgov_statewideheader\"]"}
11:16:22.566 INFO - To downstream: {"sessionId":"9e2f1a867cceacc017f2f5aae75a438b","status":0,"value":[{"ELEMENT":"0.15010651115882734-1"}]}
11:16:22.569 INFO - Found handler: org.openqa.selenium.remote.server.ServicedSession@113276b9
11:16:22.570 INFO - Handler thread for session 9e2f1a867cceacc017f2f5aae75a438b (chrome): Executing POST on /session/9e2f1a867cceacc017f2f5aae75a438b/element/0.15010651115882734-1/elements (handler: ServicedSession)
11:16:22.571 INFO - To upstream: {"using":"css selector","value":"button[id=\"utahgov_header_search_button\"]"}
11:16:22.586 INFO - To downstream: {"sessionId":"9e2f1a867cceacc017f2f5aae75a438b","status":0,"value":[{"ELEMENT":"0.15010651115882734-5"}]}
11:16:22.589 INFO - Found handler: org.openqa.selenium.remote.server.ServicedSession@113276b9
11:16:22.590 INFO - Handler thread for session 9e2f1a867cceacc017f2f5aae75a438b (chrome): Executing GET on /session/9e2f1a867cceacc017f2f5aae75a438b/element/0.15010651115882734-5/text (handler: ServicedSession)
11:16:22.607 INFO - To downstream: {"sessionId":"9e2f1a867cceacc017f2f5aae75a438b","status":0,"value":"Search Utah.gov"}
11:16:22.612 INFO - Found handler: org.openqa.selenium.remote.server.ServicedSession@113276b9
11:16:22.613 INFO - Handler thread for session 9e2f1a867cceacc017f2f5aae75a438b (chrome): Executing POST on /session/9e2f1a867cceacc017f2f5aae75a438b/element (handler: ServicedSession)
11:16:22.614 INFO - To upstream: {"using":"css selector","value":"div[id=\"utahgov_statewideheader\"]"}
11:16:22.624 INFO - To downstream: {"sessionId":"9e2f1a867cceacc017f2f5aae75a438b","status":0,"value":{"ELEMENT":"0.15010651115882734-1"}}
11:16:22.628 INFO - Found handler: org.openqa.selenium.remote.server.ServicedSession@113276b9
11:16:22.628 INFO - Handler thread for session 9e2f1a867cceacc017f2f5aae75a438b (chrome): Executing POST on /session/9e2f1a867cceacc017f2f5aae75a438b/element/0.15010651115882734-1/element (handler: ServicedSession)
11:16:22.631 INFO - To upstream: {"using":"css selector","value":"svg[class=\"utSearchIcon\"]"}
11:16:22.645 INFO - To downstream: {"sessionId":"9e2f1a867cceacc017f2f5aae75a438b","status":0,"value":{"ELEMENT":"0.15010651115882734-6"}}
11:16:22.649 INFO - Found handler: org.openqa.selenium.remote.server.ServicedSession@113276b9
11:16:22.649 INFO - Handler thread for session 9e2f1a867cceacc017f2f5aae75a438b (chrome): Executing GET on /session/9e2f1a867cceacc017f2f5aae75a438b/element/0.15010651115882734-6/displayed (handler: ServicedSession)
11:16:22.664 INFO - To downstream: {"sessionId":"9e2f1a867cceacc017f2f5aae75a438b","status":0,"value":true}
11:16:22.668 INFO - Found handler: org.openqa.selenium.remote.server.ServicedSession@113276b9
11:16:22.668 INFO - Handler thread for session 9e2f1a867cceacc017f2f5aae75a438b (chrome): Executing POST on /session/9e2f1a867cceacc017f2f5aae75a438b/url (handler: ServicedSession)
11:16:22.670 INFO - To upstream: {"url":"http://wildlife.utah.gov"}
11:16:24.760 INFO - To downstream: {"sessionId":"9e2f1a867cceacc017f2f5aae75a438b","status":0,"value":null}
11:16:24.764 INFO - Found handler: org.openqa.selenium.remote.server.ServicedSession@113276b9
11:16:24.764 INFO - Handler thread for session 9e2f1a867cceacc017f2f5aae75a438b (chrome): Executing POST on /session/9e2f1a867cceacc017f2f5aae75a438b/elements (handler: ServicedSession)
11:16:24.766 INFO - To upstream: {"using":"css selector","value":"div[id=\"header\"]"}
11:16:24.785 INFO - To downstream: {"sessionId":"9e2f1a867cceacc017f2f5aae75a438b","status":0,"value":[{"ELEMENT":"0.5159408518469903-1"}]}
11:16:24.791 INFO - Found handler: org.openqa.selenium.remote.server.ServicedSession@113276b9
11:16:24.791 INFO - Handler thread for session 9e2f1a867cceacc017f2f5aae75a438b (chrome): Executing GET on /session/9e2f1a867cceacc017f2f5aae75a438b/element/0.5159408518469903-1/displayed (handler: ServicedSession)
11:16:24.810 INFO - To downstream: {"sessionId":"9e2f1a867cceacc017f2f5aae75a438b","status":0,"value":true}
11:16:24.816 INFO - Found handler: org.openqa.selenium.remote.server.ServicedSession@113276b9
11:16:24.816 INFO - Handler thread for session 9e2f1a867cceacc017f2f5aae75a438b (chrome): Executing POST on /session/9e2f1a867cceacc017f2f5aae75a438b/element (handler: ServicedSession)
11:16:24.818 INFO - To upstream: {"using":"css selector","value":"div[id=\"header\"]"}
11:16:24.841 INFO - To downstream: {"sessionId":"9e2f1a867cceacc017f2f5aae75a438b","status":0,"value":{"ELEMENT":"0.5159408518469903-1"}}
11:16:24.847 INFO - Found handler: org.openqa.selenium.remote.server.ServicedSession@113276b9
11:16:24.847 INFO - Handler thread for session 9e2f1a867cceacc017f2f5aae75a438b (chrome): Executing POST on /session/9e2f1a867cceacc017f2f5aae75a438b/element/0.5159408518469903-1/element (handler: ServicedSession)
11:16:24.850 INFO - To upstream: {"using":"css selector","value":"img[id=\"wildlifeheaderimg"}
11:16:24.871 INFO - To downstream: {"sessionId":"9e2f1a867cceacc017f2f5aae75a438b","status":0,"value":{"ELEMENT":"0.5159408518469903-2"}}
11:16:24.877 INFO - Found handler: org.openqa.selenium.remote.server.ServicedSession@113276b9
11:16:24.878 INFO - Handler thread for session 9e2f1a867cceacc017f2f5aae75a438b (chrome): Executing GET on /session/9e2f1a867cceacc017f2f5aae75a438b/element/0.5159408518469903-2/displayed (handler: ServicedSession)
11:16:24.903 INFO - To downstream: {"sessionId":"9e2f1a867cceacc017f2f5aae75a438b","status":0,"value":true}
11:16:24.913 INFO - Found handler: org.openqa.selenium.remote.server.ServicedSession@113276b9
11:16:24.914 INFO - Handler thread for session 9e2f1a867cceacc017f2f5aae75a438b (chrome): Executing POST on /session/9e2f1a867cceacc017f2f5aae75a438b/element (handler: ServicedSession)
11:16:24.916 INFO - To upstream: {"using":"css selector","value":"div[id=\"header\"]"}
11:16:24.935 INFO - To downstream: {"sessionId":"9e2f1a867cceacc017f2f5aae75a438b","status":0,"value":{"ELEMENT":"0.5159408518469903-1"}}
11:16:24.940 INFO - Found handler: org.openqa.selenium.remote.server.ServicedSession@113276b9
11:16:24.940 INFO - Handler thread for session 9e2f1a867cceacc017f2f5aae75a438b (chrome): Executing POST on /session/9e2f1a867cceacc017f2f5aae75a438b/element/0.5159408518469903-1/element (handler: ServicedSession)
11:16:24.943 INFO - To upstream: {"using":"xpath","value":"(//*[@name=\"q\"])[1]"}
11:16:24.972 INFO - To downstream: {"sessionId":"9e2f1a867cceacc017f2f5aae75a438b","status":0,"value":{"ELEMENT":"0.5159408518469903-3"}}
11:16:24.980 INFO - Found handler: org.openqa.selenium.remote.server.ServicedSession@113276b9
11:16:24.980 INFO - Handler thread for session 9e2f1a867cceacc017f2f5aae75a438b (chrome): Executing GET on /session/9e2f1a867cceacc017f2f5aae75a438b/element/0.5159408518469903-3/displayed (handler: ServicedSession)
11:16:24.999 INFO - To downstream: {"sessionId":"9e2f1a867cceacc017f2f5aae75a438b","status":0,"value":true}
11:16:25.005 INFO - Found handler: org.openqa.selenium.remote.server.ServicedSession@113276b9
11:16:25.005 INFO - Handler thread for session 9e2f1a867cceacc017f2f5aae75a438b (chrome): Executing POST on /session/9e2f1a867cceacc017f2f5aae75a438b/elements (handler: ServicedSession)
11:16:25.010 INFO - To upstream: {"using":"css selector","value":"div[id=\"header\"]"}
11:16:25.028 INFO - To downstream: {"sessionId":"9e2f1a867cceacc017f2f5aae75a438b","status":0,"value":[{"ELEMENT":"0.5159408518469903-1"}]}
11:16:25.036 INFO - Found handler: org.openqa.selenium.remote.server.ServicedSession@113276b9
11:16:25.036 INFO - Handler thread for session 9e2f1a867cceacc017f2f5aae75a438b (chrome): Executing POST on /session/9e2f1a867cceacc017f2f5aae75a438b/element/0.5159408518469903-1/elements (handler: ServicedSession)
11:16:25.038 INFO - To upstream: {"using":"xpath","value":"(//*[@name=\"q\"])[1]"}
11:16:25.076 INFO - To downstream: {"sessionId":"9e2f1a867cceacc017f2f5aae75a438b","status":0,"value":[{"ELEMENT":"0.5159408518469903-3"}]}
11:16:25.081 INFO - Found handler: org.openqa.selenium.remote.server.ServicedSession@113276b9
11:16:25.081 INFO - Handler thread for session 9e2f1a867cceacc017f2f5aae75a438b (chrome): Executing GET on /session/9e2f1a867cceacc017f2f5aae75a438b/element/0.5159408518469903-3/attribute/value (handler: ServicedSession)
11:16:25.092 INFO - To downstream: {"sessionId":"9e2f1a867cceacc017f2f5aae75a438b","status":0,"value":"Search Utah Wildlife"}
11:16:25.097 INFO - Found handler: org.openqa.selenium.remote.server.ServicedSession@113276b9
11:16:25.097 INFO - Handler thread for session 9e2f1a867cceacc017f2f5aae75a438b (chrome): Executing POST on /session/9e2f1a867cceacc017f2f5aae75a438b/element (handler: ServicedSession)
11:16:25.100 INFO - To upstream: {"using":"css selector","value":"div[id=\"header\"]"}
11:16:25.114 INFO - To downstream: {"sessionId":"9e2f1a867cceacc017f2f5aae75a438b","status":0,"value":{"ELEMENT":"0.5159408518469903-1"}}
11:16:25.119 INFO - Found handler: org.openqa.selenium.remote.server.ServicedSession@113276b9
11:16:25.119 INFO - Handler thread for session 9e2f1a867cceacc017f2f5aae75a438b (chrome): Executing POST on /session/9e2f1a867cceacc017f2f5aae75a438b/element/0.5159408518469903-1/element (handler: ServicedSession)
11:16:25.121 INFO - To upstream: {"using":"xpath","value":"(//*[@name=\"sa\"])[1]"}
11:16:25.158 INFO - To downstream: {"sessionId":"9e2f1a867cceacc017f2f5aae75a438b","status":0,"value":{"ELEMENT":"0.5159408518469903-4"}}
11:16:25.165 INFO - Found handler: org.openqa.selenium.remote.server.ServicedSession@113276b9
11:16:25.166 INFO - Handler thread for session 9e2f1a867cceacc017f2f5aae75a438b (chrome): Executing GET on /session/9e2f1a867cceacc017f2f5aae75a438b/element/0.5159408518469903-4/displayed (handler: ServicedSession)
11:16:25.194 INFO - To downstream: {"sessionId":"9e2f1a867cceacc017f2f5aae75a438b","status":0,"value":true}
11:16:25.202 INFO - Found handler: org.openqa.selenium.remote.server.ServicedSession@113276b9
11:16:25.202 INFO - Handler thread for session 9e2f1a867cceacc017f2f5aae75a438b (chrome): Executing POST on /session/9e2f1a867cceacc017f2f5aae75a438b/elements (handler: ServicedSession)
11:16:25.204 INFO - To upstream: {"using":"css selector","value":"div[id=\"header\"]"}
11:16:25.214 INFO - To downstream: {"sessionId":"9e2f1a867cceacc017f2f5aae75a438b","status":0,"value":[{"ELEMENT":"0.5159408518469903-1"}]}
11:16:25.218 INFO - Found handler: org.openqa.selenium.remote.server.ServicedSession@113276b9
11:16:25.218 INFO - Handler thread for session 9e2f1a867cceacc017f2f5aae75a438b (chrome): Executing POST on /session/9e2f1a867cceacc017f2f5aae75a438b/element/0.5159408518469903-1/elements (handler: ServicedSession)
11:16:25.220 INFO - To upstream: {"using":"xpath","value":"(//*[@name=\"sa\"])[1]"}
11:16:25.236 INFO - To downstream: {"sessionId":"9e2f1a867cceacc017f2f5aae75a438b","status":0,"value":[{"ELEMENT":"0.5159408518469903-4"}]}
11:16:25.242 INFO - Found handler: org.openqa.selenium.remote.server.ServicedSession@113276b9
11:16:25.242 INFO - Handler thread for session 9e2f1a867cceacc017f2f5aae75a438b (chrome): Executing GET on /session/9e2f1a867cceacc017f2f5aae75a438b/element/0.5159408518469903-4/attribute/value (handler: ServicedSession)
11:16:25.250 INFO - To downstream: {"sessionId":"9e2f1a867cceacc017f2f5aae75a438b","status":0,"value":"Search"}
11:16:25.256 INFO - Found handler: org.openqa.selenium.remote.server.ServicedSession@113276b9
11:16:25.257 INFO - Handler thread for session 9e2f1a867cceacc017f2f5aae75a438b (chrome): Executing POST on /session/9e2f1a867cceacc017f2f5aae75a438b/element (handler: ServicedSession)
11:16:25.259 INFO - To upstream: {"using":"css selector","value":"div[id=\"header\"]"}
11:16:25.271 INFO - To downstream: {"sessionId":"9e2f1a867cceacc017f2f5aae75a438b","status":0,"value":{"ELEMENT":"0.5159408518469903-1"}}
11:16:25.275 INFO - Found handler: org.openqa.selenium.remote.server.ServicedSession@113276b9
11:16:25.276 INFO - Handler thread for session 9e2f1a867cceacc017f2f5aae75a438b (chrome): Executing POST on /session/9e2f1a867cceacc017f2f5aae75a438b/element/0.5159408518469903-1/element (handler: ServicedSession)
11:16:25.277 INFO - To upstream: {"using":"xpath","value":"//*[@id=\"current\"]/a/span"}
11:16:25.291 INFO - To downstream: {"sessionId":"9e2f1a867cceacc017f2f5aae75a438b","status":0,"value":{"ELEMENT":"0.5159408518469903-5"}}
11:16:25.295 INFO - Found handler: org.openqa.selenium.remote.server.ServicedSession@113276b9
11:16:25.295 INFO - Handler thread for session 9e2f1a867cceacc017f2f5aae75a438b (chrome): Executing GET on /session/9e2f1a867cceacc017f2f5aae75a438b/element/0.5159408518469903-5/displayed (handler: ServicedSession)
11:16:25.309 INFO - To downstream: {"sessionId":"9e2f1a867cceacc017f2f5aae75a438b","status":0,"value":true}
11:16:25.315 INFO - Found handler: org.openqa.selenium.remote.server.ServicedSession@113276b9
11:16:25.315 INFO - Handler thread for session 9e2f1a867cceacc017f2f5aae75a438b (chrome): Executing POST on /session/9e2f1a867cceacc017f2f5aae75a438b/elements (handler: ServicedSession)
11:16:25.317 INFO - To upstream: {"using":"css selector","value":"div[id=\"header\"]"}
11:16:25.328 INFO - To downstream: {"sessionId":"9e2f1a867cceacc017f2f5aae75a438b","status":0,"value":[{"ELEMENT":"0.5159408518469903-1"}]}
11:16:25.333 INFO - Found handler: org.openqa.selenium.remote.server.ServicedSession@113276b9
11:16:25.333 INFO - Handler thread for session 9e2f1a867cceacc017f2f5aae75a438b (chrome): Executing POST on /session/9e2f1a867cceacc017f2f5aae75a438b/element/0.5159408518469903-1/elements (handler: ServicedSession)
11:16:25.335 INFO - To upstream: {"using":"xpath","value":"//*[@id=\"current\"]/a/span"}
11:16:25.352 INFO - To downstream: {"sessionId":"9e2f1a867cceacc017f2f5aae75a438b","status":0,"value":[{"ELEMENT":"0.5159408518469903-5"}]}
11:16:25.355 INFO - Found handler: org.openqa.selenium.remote.server.ServicedSession@113276b9
11:16:25.356 INFO - Handler thread for session 9e2f1a867cceacc017f2f5aae75a438b (chrome): Executing GET on /session/9e2f1a867cceacc017f2f5aae75a438b/element/0.5159408518469903-5/text (handler: ServicedSession)
11:16:25.373 INFO - To downstream: {"sessionId":"9e2f1a867cceacc017f2f5aae75a438b","status":0,"value":"Home"}
11:16:25.380 INFO - Found handler: org.openqa.selenium.remote.server.ServicedSession@113276b9
11:16:25.380 INFO - Handler thread for session 9e2f1a867cceacc017f2f5aae75a438b (chrome): Executing POST on /session/9e2f1a867cceacc017f2f5aae75a438b/element (handler: ServicedSession)
11:16:25.381 INFO - To upstream: {"using":"css selector","value":"div[id=\"header\"]"}
11:16:25.392 INFO - To downstream: {"sessionId":"9e2f1a867cceacc017f2f5aae75a438b","status":0,"value":{"ELEMENT":"0.5159408518469903-1"}}
11:16:25.395 INFO - Found handler: org.openqa.selenium.remote.server.ServicedSession@113276b9
11:16:25.396 INFO - Handler thread for session 9e2f1a867cceacc017f2f5aae75a438b (chrome): Executing POST on /session/9e2f1a867cceacc017f2f5aae75a438b/element/0.5159408518469903-1/element (handler: ServicedSession)
11:16:25.399 INFO - To upstream: {"using":"xpath","value":"//*[@id=\"mainnavmenu\"]/ul/li[2]/a/span"}
11:16:25.413 INFO - To downstream: {"sessionId":"9e2f1a867cceacc017f2f5aae75a438b","status":0,"value":{"ELEMENT":"0.5159408518469903-6"}}
11:16:25.416 INFO - Found handler: org.openqa.selenium.remote.server.ServicedSession@113276b9
11:16:25.417 INFO - Handler thread for session 9e2f1a867cceacc017f2f5aae75a438b (chrome): Executing GET on /session/9e2f1a867cceacc017f2f5aae75a438b/element/0.5159408518469903-6/displayed (handler: ServicedSession)
11:16:25.431 INFO - To downstream: {"sessionId":"9e2f1a867cceacc017f2f5aae75a438b","status":0,"value":true}
11:16:25.439 INFO - Found handler: org.openqa.selenium.remote.server.ServicedSession@113276b9
11:16:25.440 INFO - Handler thread for session 9e2f1a867cceacc017f2f5aae75a438b (chrome): Executing POST on /session/9e2f1a867cceacc017f2f5aae75a438b/elements (handler: ServicedSession)
11:16:25.441 INFO - To upstream: {"using":"css selector","value":"div[id=\"header\"]"}
11:16:25.451 INFO - To downstream: {"sessionId":"9e2f1a867cceacc017f2f5aae75a438b","status":0,"value":[{"ELEMENT":"0.5159408518469903-1"}]}
11:16:25.455 INFO - Found handler: org.openqa.selenium.remote.server.ServicedSession@113276b9
11:16:25.456 INFO - Handler thread for session 9e2f1a867cceacc017f2f5aae75a438b (chrome): Executing POST on /session/9e2f1a867cceacc017f2f5aae75a438b/element/0.5159408518469903-1/elements (handler: ServicedSession)
11:16:25.458 INFO - To upstream: {"using":"xpath","value":"//*[@id=\"mainnavmenu\"]/ul/li[2]/a/span"}
11:16:25.477 INFO - To downstream: {"sessionId":"9e2f1a867cceacc017f2f5aae75a438b","status":0,"value":[{"ELEMENT":"0.5159408518469903-6"}]}
11:16:25.481 INFO - Found handler: org.openqa.selenium.remote.server.ServicedSession@113276b9
11:16:25.482 INFO - Handler thread for session 9e2f1a867cceacc017f2f5aae75a438b (chrome): Executing GET on /session/9e2f1a867cceacc017f2f5aae75a438b/element/0.5159408518469903-6/text (handler: ServicedSession)
11:16:25.499 INFO - To downstream: {"sessionId":"9e2f1a867cceacc017f2f5aae75a438b","status":0,"value":"News"}
11:16:25.507 INFO - Found handler: org.openqa.selenium.remote.server.ServicedSession@113276b9
11:16:25.507 INFO - Handler thread for session 9e2f1a867cceacc017f2f5aae75a438b (chrome): Executing POST on /session/9e2f1a867cceacc017f2f5aae75a438b/element (handler: ServicedSession)
11:16:25.510 INFO - To upstream: {"using":"css selector","value":"div[id=\"header\"]"}
11:16:25.520 INFO - To downstream: {"sessionId":"9e2f1a867cceacc017f2f5aae75a438b","status":0,"value":{"ELEMENT":"0.5159408518469903-1"}}
11:16:25.525 INFO - Found handler: org.openqa.selenium.remote.server.ServicedSession@113276b9
11:16:25.525 INFO - Handler thread for session 9e2f1a867cceacc017f2f5aae75a438b (chrome): Executing POST on /session/9e2f1a867cceacc017f2f5aae75a438b/element/0.5159408518469903-1/element (handler: ServicedSession)
11:16:25.528 INFO - To upstream: {"using":"xpath","value":"//*[@id=\"mainnavmenu\"]/ul/li[3]/a/span"}
11:16:25.545 INFO - To downstream: {"sessionId":"9e2f1a867cceacc017f2f5aae75a438b","status":0,"value":{"ELEMENT":"0.5159408518469903-7"}}
11:16:25.550 INFO - Found handler: org.openqa.selenium.remote.server.ServicedSession@113276b9
11:16:25.550 INFO - Handler thread for session 9e2f1a867cceacc017f2f5aae75a438b (chrome): Executing GET on /session/9e2f1a867cceacc017f2f5aae75a438b/element/0.5159408518469903-7/displayed (handler: ServicedSession)
11:16:25.567 INFO - To downstream: {"sessionId":"9e2f1a867cceacc017f2f5aae75a438b","status":0,"value":true}
11:16:25.573 INFO - Found handler: org.openqa.selenium.remote.server.ServicedSession@113276b9
11:16:25.573 INFO - Handler thread for session 9e2f1a867cceacc017f2f5aae75a438b (chrome): Executing POST on /session/9e2f1a867cceacc017f2f5aae75a438b/elements (handler: ServicedSession)
11:16:25.576 INFO - To upstream: {"using":"css selector","value":"div[id=\"header\"]"}
11:16:25.588 INFO - To downstream: {"sessionId":"9e2f1a867cceacc017f2f5aae75a438b","status":0,"value":[{"ELEMENT":"0.5159408518469903-1"}]}
11:16:25.594 INFO - Found handler: org.openqa.selenium.remote.server.ServicedSession@113276b9
11:16:25.594 INFO - Handler thread for session 9e2f1a867cceacc017f2f5aae75a438b (chrome): Executing POST on /session/9e2f1a867cceacc017f2f5aae75a438b/element/0.5159408518469903-1/elements (handler: ServicedSession)
11:16:25.597 INFO - To upstream: {"using":"xpath","value":"//*[@id=\"mainnavmenu\"]/ul/li[3]/a/span"}
11:16:25.614 INFO - To downstream: {"sessionId":"9e2f1a867cceacc017f2f5aae75a438b","status":0,"value":[{"ELEMENT":"0.5159408518469903-7"}]}
11:16:25.620 INFO - Found handler: org.openqa.selenium.remote.server.ServicedSession@113276b9
11:16:25.620 INFO - Handler thread for session 9e2f1a867cceacc017f2f5aae75a438b (chrome): Executing GET on /session/9e2f1a867cceacc017f2f5aae75a438b/element/0.5159408518469903-7/text (handler: ServicedSession)
11:16:25.642 INFO - To downstream: {"sessionId":"9e2f1a867cceacc017f2f5aae75a438b","status":0,"value":"Fishing"}
11:16:25.651 INFO - Found handler: org.openqa.selenium.remote.server.ServicedSession@113276b9
11:16:25.651 INFO - Handler thread for session 9e2f1a867cceacc017f2f5aae75a438b (chrome): Executing POST on /session/9e2f1a867cceacc017f2f5aae75a438b/element (handler: ServicedSession)
11:16:25.653 INFO - To upstream: {"using":"css selector","value":"div[id=\"header\"]"}
11:16:25.666 INFO - To downstream: {"sessionId":"9e2f1a867cceacc017f2f5aae75a438b","status":0,"value":{"ELEMENT":"0.5159408518469903-1"}}
11:16:25.670 INFO - Found handler: org.openqa.selenium.remote.server.ServicedSession@113276b9
11:16:25.671 INFO - Handler thread for session 9e2f1a867cceacc017f2f5aae75a438b (chrome): Executing POST on /session/9e2f1a867cceacc017f2f5aae75a438b/element/0.5159408518469903-1/element (handler: ServicedSession)
11:16:25.672 INFO - To upstream: {"using":"xpath","value":"//*[@id=\"mainnavmenu\"]/ul/li[4]/a/span"}
11:16:25.692 INFO - To downstream: {"sessionId":"9e2f1a867cceacc017f2f5aae75a438b","status":0,"value":{"ELEMENT":"0.5159408518469903-8"}}
11:16:25.699 INFO - Found handler: org.openqa.selenium.remote.server.ServicedSession@113276b9
11:16:25.699 INFO - Handler thread for session 9e2f1a867cceacc017f2f5aae75a438b (chrome): Executing GET on /session/9e2f1a867cceacc017f2f5aae75a438b/element/0.5159408518469903-8/displayed (handler: ServicedSession)
11:16:25.717 INFO - To downstream: {"sessionId":"9e2f1a867cceacc017f2f5aae75a438b","status":0,"value":true}
11:16:25.722 INFO - Found handler: org.openqa.selenium.remote.server.ServicedSession@113276b9
11:16:25.724 INFO - Handler thread for session 9e2f1a867cceacc017f2f5aae75a438b (chrome): Executing POST on /session/9e2f1a867cceacc017f2f5aae75a438b/elements (handler: ServicedSession)
11:16:25.727 INFO - To upstream: {"using":"css selector","value":"div[id=\"header\"]"}
11:16:25.738 INFO - To downstream: {"sessionId":"9e2f1a867cceacc017f2f5aae75a438b","status":0,"value":[{"ELEMENT":"0.5159408518469903-1"}]}
11:16:25.745 INFO - Found handler: org.openqa.selenium.remote.server.ServicedSession@113276b9
11:16:25.745 INFO - Handler thread for session 9e2f1a867cceacc017f2f5aae75a438b (chrome): Executing POST on /session/9e2f1a867cceacc017f2f5aae75a438b/element/0.5159408518469903-1/elements (handler: ServicedSession)
11:16:25.747 INFO - To upstream: {"using":"xpath","value":"//*[@id=\"mainnavmenu\"]/ul/li[4]/a/span"}
11:16:25.763 INFO - To downstream: {"sessionId":"9e2f1a867cceacc017f2f5aae75a438b","status":0,"value":[{"ELEMENT":"0.5159408518469903-8"}]}
11:16:25.770 INFO - Found handler: org.openqa.selenium.remote.server.ServicedSession@113276b9
11:16:25.770 INFO - Handler thread for session 9e2f1a867cceacc017f2f5aae75a438b (chrome): Executing GET on /session/9e2f1a867cceacc017f2f5aae75a438b/element/0.5159408518469903-8/text (handler: ServicedSession)
11:16:25.791 INFO - To downstream: {"sessionId":"9e2f1a867cceacc017f2f5aae75a438b","status":0,"value":"Hunting"}
11:16:25.797 INFO - Found handler: org.openqa.selenium.remote.server.ServicedSession@113276b9
11:16:25.798 INFO - Handler thread for session 9e2f1a867cceacc017f2f5aae75a438b (chrome): Executing POST on /session/9e2f1a867cceacc017f2f5aae75a438b/element (handler: ServicedSession)
11:16:25.800 INFO - To upstream: {"using":"css selector","value":"div[id=\"header\"]"}
11:16:25.815 INFO - To downstream: {"sessionId":"9e2f1a867cceacc017f2f5aae75a438b","status":0,"value":{"ELEMENT":"0.5159408518469903-1"}}
11:16:25.820 INFO - Found handler: org.openqa.selenium.remote.server.ServicedSession@113276b9
11:16:25.820 INFO - Handler thread for session 9e2f1a867cceacc017f2f5aae75a438b (chrome): Executing POST on /session/9e2f1a867cceacc017f2f5aae75a438b/element/0.5159408518469903-1/element (handler: ServicedSession)
11:16:25.821 INFO - To upstream: {"using":"xpath","value":"//*[@id=\"mainnavmenu\"]/ul/li[5]/a/span"}
11:16:25.838 INFO - To downstream: {"sessionId":"9e2f1a867cceacc017f2f5aae75a438b","status":0,"value":{"ELEMENT":"0.5159408518469903-9"}}
11:16:25.842 INFO - Found handler: org.openqa.selenium.remote.server.ServicedSession@113276b9
11:16:25.842 INFO - Handler thread for session 9e2f1a867cceacc017f2f5aae75a438b (chrome): Executing GET on /session/9e2f1a867cceacc017f2f5aae75a438b/element/0.5159408518469903-9/displayed (handler: ServicedSession)
11:16:25.861 INFO - To downstream: {"sessionId":"9e2f1a867cceacc017f2f5aae75a438b","status":0,"value":true}
11:16:25.867 INFO - Found handler: org.openqa.selenium.remote.server.ServicedSession@113276b9
11:16:25.867 INFO - Handler thread for session 9e2f1a867cceacc017f2f5aae75a438b (chrome): Executing POST on /session/9e2f1a867cceacc017f2f5aae75a438b/elements (handler: ServicedSession)
11:16:25.869 INFO - To upstream: {"using":"css selector","value":"div[id=\"header\"]"}
11:16:25.883 INFO - To downstream: {"sessionId":"9e2f1a867cceacc017f2f5aae75a438b","status":0,"value":[{"ELEMENT":"0.5159408518469903-1"}]}
11:16:25.887 INFO - Found handler: org.openqa.selenium.remote.server.ServicedSession@113276b9
11:16:25.887 INFO - Handler thread for session 9e2f1a867cceacc017f2f5aae75a438b (chrome): Executing POST on /session/9e2f1a867cceacc017f2f5aae75a438b/element/0.5159408518469903-1/elements (handler: ServicedSession)
11:16:25.889 INFO - To upstream: {"using":"xpath","value":"//*[@id=\"mainnavmenu\"]/ul/li[5]/a/span"}
11:16:25.910 INFO - To downstream: {"sessionId":"9e2f1a867cceacc017f2f5aae75a438b","status":0,"value":[{"ELEMENT":"0.5159408518469903-9"}]}
11:16:25.915 INFO - Found handler: org.openqa.selenium.remote.server.ServicedSession@113276b9
11:16:25.916 INFO - Handler thread for session 9e2f1a867cceacc017f2f5aae75a438b (chrome): Executing GET on /session/9e2f1a867cceacc017f2f5aae75a438b/element/0.5159408518469903-9/text (handler: ServicedSession)
11:16:25.934 INFO - To downstream: {"sessionId":"9e2f1a867cceacc017f2f5aae75a438b","status":0,"value":"Licenses"}
11:16:25.940 INFO - Found handler: org.openqa.selenium.remote.server.ServicedSession@113276b9
11:16:25.941 INFO - Handler thread for session 9e2f1a867cceacc017f2f5aae75a438b (chrome): Executing POST on /session/9e2f1a867cceacc017f2f5aae75a438b/element (handler: ServicedSession)
11:16:25.947 INFO - To upstream: {"using":"css selector","value":"div[id=\"header\"]"}
11:16:25.960 INFO - To downstream: {"sessionId":"9e2f1a867cceacc017f2f5aae75a438b","status":0,"value":{"ELEMENT":"0.5159408518469903-1"}}
11:16:25.966 INFO - Found handler: org.openqa.selenium.remote.server.ServicedSession@113276b9
11:16:25.967 INFO - Handler thread for session 9e2f1a867cceacc017f2f5aae75a438b (chrome): Executing POST on /session/9e2f1a867cceacc017f2f5aae75a438b/element/0.5159408518469903-1/element (handler: ServicedSession)
11:16:25.968 INFO - To upstream: {"using":"xpath","value":"//*[@id=\"mainnavmenu\"]/ul/li[6]/a/span"}
11:16:25.984 INFO - To downstream: {"sessionId":"9e2f1a867cceacc017f2f5aae75a438b","status":0,"value":{"ELEMENT":"0.5159408518469903-10"}}
11:16:25.989 INFO - Found handler: org.openqa.selenium.remote.server.ServicedSession@113276b9
11:16:25.989 INFO - Handler thread for session 9e2f1a867cceacc017f2f5aae75a438b (chrome): Executing GET on /session/9e2f1a867cceacc017f2f5aae75a438b/element/0.5159408518469903-10/displayed (handler: ServicedSession)
11:16:26.005 INFO - To downstream: {"sessionId":"9e2f1a867cceacc017f2f5aae75a438b","status":0,"value":true}
11:16:26.012 INFO - Found handler: org.openqa.selenium.remote.server.ServicedSession@113276b9
11:16:26.012 INFO - Handler thread for session 9e2f1a867cceacc017f2f5aae75a438b (chrome): Executing POST on /session/9e2f1a867cceacc017f2f5aae75a438b/elements (handler: ServicedSession)
11:16:26.015 INFO - To upstream: {"using":"css selector","value":"div[id=\"header\"]"}
11:16:26.027 INFO - To downstream: {"sessionId":"9e2f1a867cceacc017f2f5aae75a438b","status":0,"value":[{"ELEMENT":"0.5159408518469903-1"}]}
11:16:26.032 INFO - Found handler: org.openqa.selenium.remote.server.ServicedSession@113276b9
11:16:26.033 INFO - Handler thread for session 9e2f1a867cceacc017f2f5aae75a438b (chrome): Executing POST on /session/9e2f1a867cceacc017f2f5aae75a438b/element/0.5159408518469903-1/elements (handler: ServicedSession)
11:16:26.035 INFO - To upstream: {"using":"xpath","value":"//*[@id=\"mainnavmenu\"]/ul/li[6]/a/span"}
11:16:26.050 INFO - To downstream: {"sessionId":"9e2f1a867cceacc017f2f5aae75a438b","status":0,"value":[{"ELEMENT":"0.5159408518469903-10"}]}
11:16:26.056 INFO - Found handler: org.openqa.selenium.remote.server.ServicedSession@113276b9
11:16:26.056 INFO - Handler thread for session 9e2f1a867cceacc017f2f5aae75a438b (chrome): Executing GET on /session/9e2f1a867cceacc017f2f5aae75a438b/element/0.5159408518469903-10/text (handler: ServicedSession)
11:16:26.078 INFO - To downstream: {"sessionId":"9e2f1a867cceacc017f2f5aae75a438b","status":0,"value":"Calendar"}
11:16:26.084 INFO - Found handler: org.openqa.selenium.remote.server.ServicedSession@113276b9
11:16:26.084 INFO - Handler thread for session 9e2f1a867cceacc017f2f5aae75a438b (chrome): Executing POST on /session/9e2f1a867cceacc017f2f5aae75a438b/element (handler: ServicedSession)
11:16:26.086 INFO - To upstream: {"using":"css selector","value":"div[id=\"header\"]"}
11:16:26.100 INFO - To downstream: {"sessionId":"9e2f1a867cceacc017f2f5aae75a438b","status":0,"value":{"ELEMENT":"0.5159408518469903-1"}}
11:16:26.103 INFO - Found handler: org.openqa.selenium.remote.server.ServicedSession@113276b9
11:16:26.103 INFO - Handler thread for session 9e2f1a867cceacc017f2f5aae75a438b (chrome): Executing POST on /session/9e2f1a867cceacc017f2f5aae75a438b/element/0.5159408518469903-1/element (handler: ServicedSession)
11:16:26.104 INFO - To upstream: {"using":"xpath","value":"//*[@id=\"mainnavmenu\"]/ul/li[7]/a/span"}
11:16:26.124 INFO - To downstream: {"sessionId":"9e2f1a867cceacc017f2f5aae75a438b","status":0,"value":{"ELEMENT":"0.5159408518469903-11"}}
11:16:26.129 INFO - Found handler: org.openqa.selenium.remote.server.ServicedSession@113276b9
11:16:26.130 INFO - Handler thread for session 9e2f1a867cceacc017f2f5aae75a438b (chrome): Executing GET on /session/9e2f1a867cceacc017f2f5aae75a438b/element/0.5159408518469903-11/displayed (handler: ServicedSession)
11:16:26.149 INFO - To downstream: {"sessionId":"9e2f1a867cceacc017f2f5aae75a438b","status":0,"value":true}
11:16:26.157 INFO - Found handler: org.openqa.selenium.remote.server.ServicedSession@113276b9
11:16:26.157 INFO - Handler thread for session 9e2f1a867cceacc017f2f5aae75a438b (chrome): Executing POST on /session/9e2f1a867cceacc017f2f5aae75a438b/elements (handler: ServicedSession)
11:16:26.161 INFO - To upstream: {"using":"css selector","value":"div[id=\"header\"]"}
11:16:26.172 INFO - To downstream: {"sessionId":"9e2f1a867cceacc017f2f5aae75a438b","status":0,"value":[{"ELEMENT":"0.5159408518469903-1"}]}
11:16:26.180 INFO - Found handler: org.openqa.selenium.remote.server.ServicedSession@113276b9
11:16:26.180 INFO - Handler thread for session 9e2f1a867cceacc017f2f5aae75a438b (chrome): Executing POST on /session/9e2f1a867cceacc017f2f5aae75a438b/element/0.5159408518469903-1/elements (handler: ServicedSession)
11:16:26.181 INFO - To upstream: {"using":"xpath","value":"//*[@id=\"mainnavmenu\"]/ul/li[7]/a/span"}
11:16:26.197 INFO - To downstream: {"sessionId":"9e2f1a867cceacc017f2f5aae75a438b","status":0,"value":[{"ELEMENT":"0.5159408518469903-11"}]}
11:16:26.204 INFO - Found handler: org.openqa.selenium.remote.server.ServicedSession@113276b9
11:16:26.204 INFO - Handler thread for session 9e2f1a867cceacc017f2f5aae75a438b (chrome): Executing GET on /session/9e2f1a867cceacc017f2f5aae75a438b/element/0.5159408518469903-11/text (handler: ServicedSession)
11:16:26.224 INFO - To downstream: {"sessionId":"9e2f1a867cceacc017f2f5aae75a438b","status":0,"value":"Learn more"}
11:16:26.230 INFO - Found handler: org.openqa.selenium.remote.server.ServicedSession@113276b9
11:16:26.230 INFO - Handler thread for session 9e2f1a867cceacc017f2f5aae75a438b (chrome): Executing POST on /session/9e2f1a867cceacc017f2f5aae75a438b/element (handler: ServicedSession)
11:16:26.233 INFO - To upstream: {"using":"css selector","value":"div[id=\"header\"]"}
11:16:26.245 INFO - To downstream: {"sessionId":"9e2f1a867cceacc017f2f5aae75a438b","status":0,"value":{"ELEMENT":"0.5159408518469903-1"}}
11:16:26.251 INFO - Found handler: org.openqa.selenium.remote.server.ServicedSession@113276b9
11:16:26.252 INFO - Handler thread for session 9e2f1a867cceacc017f2f5aae75a438b (chrome): Executing POST on /session/9e2f1a867cceacc017f2f5aae75a438b/element/0.5159408518469903-1/element (handler: ServicedSession)
11:16:26.253 INFO - To upstream: {"using":"xpath","value":"//*[@id=\"mainnavmenu\"]/ul/li[8]/a/span"}
11:16:26.270 INFO - To downstream: {"sessionId":"9e2f1a867cceacc017f2f5aae75a438b","status":0,"value":{"ELEMENT":"0.5159408518469903-12"}}
11:16:26.273 INFO - Found handler: org.openqa.selenium.remote.server.ServicedSession@113276b9
11:16:26.274 INFO - Handler thread for session 9e2f1a867cceacc017f2f5aae75a438b (chrome): Executing GET on /session/9e2f1a867cceacc017f2f5aae75a438b/element/0.5159408518469903-12/displayed (handler: ServicedSession)
11:16:26.292 INFO - To downstream: {"sessionId":"9e2f1a867cceacc017f2f5aae75a438b","status":0,"value":true}
11:16:26.297 INFO - Found handler: org.openqa.selenium.remote.server.ServicedSession@113276b9
11:16:26.297 INFO - Handler thread for session 9e2f1a867cceacc017f2f5aae75a438b (chrome): Executing POST on /session/9e2f1a867cceacc017f2f5aae75a438b/elements (handler: ServicedSession)
11:16:26.299 INFO - To upstream: {"using":"css selector","value":"div[id=\"header\"]"}
11:16:26.311 INFO - To downstream: {"sessionId":"9e2f1a867cceacc017f2f5aae75a438b","status":0,"value":[{"ELEMENT":"0.5159408518469903-1"}]}
11:16:26.316 INFO - Found handler: org.openqa.selenium.remote.server.ServicedSession@113276b9
11:16:26.317 INFO - Handler thread for session 9e2f1a867cceacc017f2f5aae75a438b (chrome): Executing POST on /session/9e2f1a867cceacc017f2f5aae75a438b/element/0.5159408518469903-1/elements (handler: ServicedSession)
11:16:26.318 INFO - To upstream: {"using":"xpath","value":"//*[@id=\"mainnavmenu\"]/ul/li[8]/a/span"}
11:16:26.335 INFO - To downstream: {"sessionId":"9e2f1a867cceacc017f2f5aae75a438b","status":0,"value":[{"ELEMENT":"0.5159408518469903-12"}]}
11:16:26.339 INFO - Found handler: org.openqa.selenium.remote.server.ServicedSession@113276b9
11:16:26.339 INFO - Handler thread for session 9e2f1a867cceacc017f2f5aae75a438b (chrome): Executing GET on /session/9e2f1a867cceacc017f2f5aae75a438b/element/0.5159408518469903-12/text (handler: ServicedSession)
11:16:26.360 INFO - To downstream: {"sessionId":"9e2f1a867cceacc017f2f5aae75a438b","status":0,"value":"About us"}
11:16:26.366 INFO - Found handler: org.openqa.selenium.remote.server.ServicedSession@113276b9
11:16:26.366 INFO - Handler thread for session 9e2f1a867cceacc017f2f5aae75a438b (chrome): Executing POST on /session/9e2f1a867cceacc017f2f5aae75a438b/element (handler: ServicedSession)
11:16:26.368 INFO - To upstream: {"using":"css selector","value":"div[id=\"header\"]"}
11:16:26.381 INFO - To downstream: {"sessionId":"9e2f1a867cceacc017f2f5aae75a438b","status":0,"value":{"ELEMENT":"0.5159408518469903-1"}}
11:16:26.386 INFO - Found handler: org.openqa.selenium.remote.server.ServicedSession@113276b9
11:16:26.386 INFO - Handler thread for session 9e2f1a867cceacc017f2f5aae75a438b (chrome): Executing POST on /session/9e2f1a867cceacc017f2f5aae75a438b/element/0.5159408518469903-1/element (handler: ServicedSession)
11:16:26.388 INFO - To upstream: {"using":"xpath","value":"//*[@id=\"mainnavmenu\"]/ul/li[9]/a/span"}
11:16:26.405 INFO - To downstream: {"sessionId":"9e2f1a867cceacc017f2f5aae75a438b","status":0,"value":{"ELEMENT":"0.5159408518469903-13"}}
11:16:26.410 INFO - Found handler: org.openqa.selenium.remote.server.ServicedSession@113276b9
11:16:26.411 INFO - Handler thread for session 9e2f1a867cceacc017f2f5aae75a438b (chrome): Executing GET on /session/9e2f1a867cceacc017f2f5aae75a438b/element/0.5159408518469903-13/displayed (handler: ServicedSession)
11:16:26.428 INFO - To downstream: {"sessionId":"9e2f1a867cceacc017f2f5aae75a438b","status":0,"value":true}
11:16:26.434 INFO - Found handler: org.openqa.selenium.remote.server.ServicedSession@113276b9
11:16:26.435 INFO - Handler thread for session 9e2f1a867cceacc017f2f5aae75a438b (chrome): Executing POST on /session/9e2f1a867cceacc017f2f5aae75a438b/elements (handler: ServicedSession)
11:16:26.436 INFO - To upstream: {"using":"css selector","value":"div[id=\"header\"]"}
11:16:26.449 INFO - To downstream: {"sessionId":"9e2f1a867cceacc017f2f5aae75a438b","status":0,"value":[{"ELEMENT":"0.5159408518469903-1"}]}
11:16:26.453 INFO - Found handler: org.openqa.selenium.remote.server.ServicedSession@113276b9
11:16:26.454 INFO - Handler thread for session 9e2f1a867cceacc017f2f5aae75a438b (chrome): Executing POST on /session/9e2f1a867cceacc017f2f5aae75a438b/element/0.5159408518469903-1/elements (handler: ServicedSession)
11:16:26.455 INFO - To upstream: {"using":"xpath","value":"//*[@id=\"mainnavmenu\"]/ul/li[9]/a/span"}
11:16:26.472 INFO - To downstream: {"sessionId":"9e2f1a867cceacc017f2f5aae75a438b","status":0,"value":[{"ELEMENT":"0.5159408518469903-13"}]}
11:16:26.478 INFO - Found handler: org.openqa.selenium.remote.server.ServicedSession@113276b9
11:16:26.478 INFO - Handler thread for session 9e2f1a867cceacc017f2f5aae75a438b (chrome): Executing GET on /session/9e2f1a867cceacc017f2f5aae75a438b/element/0.5159408518469903-13/text (handler: ServicedSession)
11:16:26.497 INFO - To downstream: {"sessionId":"9e2f1a867cceacc017f2f5aae75a438b","status":0,"value":"Multimedia"}
11:16:26.505 INFO - Found handler: org.openqa.selenium.remote.server.ServicedSession@113276b9
11:16:26.505 INFO - Handler thread for session 9e2f1a867cceacc017f2f5aae75a438b (chrome): Executing POST on /session/9e2f1a867cceacc017f2f5aae75a438b/element (handler: ServicedSession)
11:16:26.507 INFO - To upstream: {"using":"css selector","value":"div[id=\"header\"]"}
11:16:26.518 INFO - To downstream: {"sessionId":"9e2f1a867cceacc017f2f5aae75a438b","status":0,"value":{"ELEMENT":"0.5159408518469903-1"}}
11:16:26.521 INFO - Found handler: org.openqa.selenium.remote.server.ServicedSession@113276b9
11:16:26.521 INFO - Handler thread for session 9e2f1a867cceacc017f2f5aae75a438b (chrome): Executing POST on /session/9e2f1a867cceacc017f2f5aae75a438b/element/0.5159408518469903-1/element (handler: ServicedSession)
11:16:26.523 INFO - To upstream: {"using":"xpath","value":"//*[@id=\"mainnavmenu\"]/ul/li[2]/a/span"}
11:16:26.533 INFO - To downstream: {"sessionId":"9e2f1a867cceacc017f2f5aae75a438b","status":0,"value":{"ELEMENT":"0.5159408518469903-6"}}
11:16:26.537 INFO - Found handler: org.openqa.selenium.remote.server.ServicedSession@113276b9
11:16:26.537 INFO - Handler thread for session 9e2f1a867cceacc017f2f5aae75a438b (chrome): Executing POST on /session/9e2f1a867cceacc017f2f5aae75a438b/moveto (handler: ServicedSession)
11:16:26.538 INFO - To upstream: {"element":"0.5159408518469903-6","xoffset":10,"yoffset":10}
11:16:26.560 INFO - To downstream: {"sessionId":"9e2f1a867cceacc017f2f5aae75a438b","status":0,"value":null}
11:16:28.575 INFO - Found handler: org.openqa.selenium.remote.server.ServicedSession@113276b9
11:16:28.575 INFO - Handler thread for session 9e2f1a867cceacc017f2f5aae75a438b (chrome): Executing POST on /session/9e2f1a867cceacc017f2f5aae75a438b/element (handler: ServicedSession)
11:16:28.577 INFO - To upstream: {"using":"xpath","value":"//*[@id=\"mainnavmenu\"]/ul/li[2]/div/ul/li[1]/a/span"}
11:16:28.599 INFO - To downstream: {"sessionId":"9e2f1a867cceacc017f2f5aae75a438b","status":0,"value":{"ELEMENT":"0.5159408518469903-14"}}
11:16:28.602 INFO - Found handler: org.openqa.selenium.remote.server.ServicedSession@113276b9
11:16:28.602 INFO - Handler thread for session 9e2f1a867cceacc017f2f5aae75a438b (chrome): Executing GET on /session/9e2f1a867cceacc017f2f5aae75a438b/element/0.5159408518469903-14/displayed (handler: ServicedSession)
11:16:28.617 INFO - To downstream: {"sessionId":"9e2f1a867cceacc017f2f5aae75a438b","status":0,"value":true}
11:16:28.621 INFO - Found handler: org.openqa.selenium.remote.server.ServicedSession@113276b9
11:16:28.621 INFO - Handler thread for session 9e2f1a867cceacc017f2f5aae75a438b (chrome): Executing POST on /session/9e2f1a867cceacc017f2f5aae75a438b/elements (handler: ServicedSession)
11:16:28.623 INFO - To upstream: {"using":"xpath","value":"//*[@id=\"mainnavmenu\"]/ul/li[2]/div/ul/li[1]/a/span"}
11:16:28.641 INFO - To downstream: {"sessionId":"9e2f1a867cceacc017f2f5aae75a438b","status":0,"value":[{"ELEMENT":"0.5159408518469903-14"}]}
11:16:28.646 INFO - Found handler: org.openqa.selenium.remote.server.ServicedSession@113276b9
11:16:28.646 INFO - Handler thread for session 9e2f1a867cceacc017f2f5aae75a438b (chrome): Executing GET on /session/9e2f1a867cceacc017f2f5aae75a438b/element/0.5159408518469903-14/text (handler: ServicedSession)
11:16:28.669 INFO - To downstream: {"sessionId":"9e2f1a867cceacc017f2f5aae75a438b","status":0,"value":"DWR news releases"}
11:16:28.677 INFO - Found handler: org.openqa.selenium.remote.server.ServicedSession@113276b9
11:16:28.677 INFO - Handler thread for session 9e2f1a867cceacc017f2f5aae75a438b (chrome): Executing POST on /session/9e2f1a867cceacc017f2f5aae75a438b/element (handler: ServicedSession)
11:16:28.679 INFO - To upstream: {"using":"xpath","value":"//*[@id=\"mainnavmenu\"]/ul/li[2]/div/ul/li[2]/a/span"}
11:16:28.699 INFO - To downstream: {"sessionId":"9e2f1a867cceacc017f2f5aae75a438b","status":0,"value":{"ELEMENT":"0.5159408518469903-15"}}
11:16:28.703 INFO - Found handler: org.openqa.selenium.remote.server.ServicedSession@113276b9
11:16:28.703 INFO - Handler thread for session 9e2f1a867cceacc017f2f5aae75a438b (chrome): Executing GET on /session/9e2f1a867cceacc017f2f5aae75a438b/element/0.5159408518469903-15/displayed (handler: ServicedSession)
11:16:28.719 INFO - To downstream: {"sessionId":"9e2f1a867cceacc017f2f5aae75a438b","status":0,"value":true}
11:16:28.723 INFO - Found handler: org.openqa.selenium.remote.server.ServicedSession@113276b9
11:16:28.723 INFO - Handler thread for session 9e2f1a867cceacc017f2f5aae75a438b (chrome): Executing POST on /session/9e2f1a867cceacc017f2f5aae75a438b/elements (handler: ServicedSession)
11:16:28.725 INFO - To upstream: {"using":"xpath","value":"//*[@id=\"mainnavmenu\"]/ul/li[2]/div/ul/li[2]/a/span"}
11:16:28.745 INFO - To downstream: {"sessionId":"9e2f1a867cceacc017f2f5aae75a438b","status":0,"value":[{"ELEMENT":"0.5159408518469903-15"}]}
11:16:28.748 INFO - Found handler: org.openqa.selenium.remote.server.ServicedSession@113276b9
11:16:28.749 INFO - Handler thread for session 9e2f1a867cceacc017f2f5aae75a438b (chrome): Executing GET on /session/9e2f1a867cceacc017f2f5aae75a438b/element/0.5159408518469903-15/text (handler: ServicedSession)
11:16:28.766 INFO - To downstream: {"sessionId":"9e2f1a867cceacc017f2f5aae75a438b","status":0,"value":"Wildlife blog"}
11:16:28.771 INFO - Found handler: org.openqa.selenium.remote.server.ServicedSession@113276b9
11:16:28.771 INFO - Handler thread for session 9e2f1a867cceacc017f2f5aae75a438b (chrome): Executing POST on /session/9e2f1a867cceacc017f2f5aae75a438b/element (handler: ServicedSession)
11:16:28.772 INFO - To upstream: {"using":"xpath","value":"//*[@id=\"mainnavmenu\"]/ul/li[2]/div/ul/li[3]/a/span"}
11:16:28.789 INFO - To downstream: {"sessionId":"9e2f1a867cceacc017f2f5aae75a438b","status":0,"value":{"ELEMENT":"0.5159408518469903-16"}}
11:16:28.792 INFO - Found handler: org.openqa.selenium.remote.server.ServicedSession@113276b9
11:16:28.792 INFO - Handler thread for session 9e2f1a867cceacc017f2f5aae75a438b (chrome): Executing GET on /session/9e2f1a867cceacc017f2f5aae75a438b/element/0.5159408518469903-16/displayed (handler: ServicedSession)
11:16:28.807 INFO - To downstream: {"sessionId":"9e2f1a867cceacc017f2f5aae75a438b","status":0,"value":true}
11:16:28.811 INFO - Found handler: org.openqa.selenium.remote.server.ServicedSession@113276b9
11:16:28.811 INFO - Handler thread for session 9e2f1a867cceacc017f2f5aae75a438b (chrome): Executing POST on /session/9e2f1a867cceacc017f2f5aae75a438b/elements (handler: ServicedSession)
11:16:28.813 INFO - To upstream: {"using":"xpath","value":"//*[@id=\"mainnavmenu\"]/ul/li[2]/div/ul/li[3]/a/span"}
11:16:28.830 INFO - To downstream: {"sessionId":"9e2f1a867cceacc017f2f5aae75a438b","status":0,"value":[{"ELEMENT":"0.5159408518469903-16"}]}
11:16:28.833 INFO - Found handler: org.openqa.selenium.remote.server.ServicedSession@113276b9
11:16:28.833 INFO - Handler thread for session 9e2f1a867cceacc017f2f5aae75a438b (chrome): Executing GET on /session/9e2f1a867cceacc017f2f5aae75a438b/element/0.5159408518469903-16/text (handler: ServicedSession)
11:16:28.850 INFO - To downstream: {"sessionId":"9e2f1a867cceacc017f2f5aae75a438b","status":0,"value":"Wildlife newsletters"}
11:16:28.855 INFO - Found handler: org.openqa.selenium.remote.server.ServicedSession@113276b9
11:16:28.855 INFO - Handler thread for session 9e2f1a867cceacc017f2f5aae75a438b (chrome): Executing POST on /session/9e2f1a867cceacc017f2f5aae75a438b/element (handler: ServicedSession)
11:16:28.856 INFO - To upstream: {"using":"xpath","value":"//*[@id=\"mainnavmenu\"]/ul/li[2]/div/ul/li[4]/a/span"}
11:16:28.874 INFO - To downstream: {"sessionId":"9e2f1a867cceacc017f2f5aae75a438b","status":0,"value":{"ELEMENT":"0.5159408518469903-17"}}
11:16:28.877 INFO - Found handler: org.openqa.selenium.remote.server.ServicedSession@113276b9
11:16:28.877 INFO - Handler thread for session 9e2f1a867cceacc017f2f5aae75a438b (chrome): Executing GET on /session/9e2f1a867cceacc017f2f5aae75a438b/element/0.5159408518469903-17/displayed (handler: ServicedSession)
11:16:28.892 INFO - To downstream: {"sessionId":"9e2f1a867cceacc017f2f5aae75a438b","status":0,"value":true}
11:16:28.895 INFO - Found handler: org.openqa.selenium.remote.server.ServicedSession@113276b9
11:16:28.896 INFO - Handler thread for session 9e2f1a867cceacc017f2f5aae75a438b (chrome): Executing POST on /session/9e2f1a867cceacc017f2f5aae75a438b/elements (handler: ServicedSession)
11:16:28.897 INFO - To upstream: {"using":"xpath","value":"//*[@id=\"mainnavmenu\"]/ul/li[2]/div/ul/li[4]/a/span"}
11:16:28.914 INFO - To downstream: {"sessionId":"9e2f1a867cceacc017f2f5aae75a438b","status":0,"value":[{"ELEMENT":"0.5159408518469903-17"}]}
11:16:28.917 INFO - Found handler: org.openqa.selenium.remote.server.ServicedSession@113276b9
11:16:28.918 INFO - Handler thread for session 9e2f1a867cceacc017f2f5aae75a438b (chrome): Executing GET on /session/9e2f1a867cceacc017f2f5aae75a438b/element/0.5159408518469903-17/text (handler: ServicedSession)
11:16:28.934 INFO - To downstream: {"sessionId":"9e2f1a867cceacc017f2f5aae75a438b","status":0,"value":"Officers on patrol"}
11:16:28.938 INFO - Found handler: org.openqa.selenium.remote.server.ServicedSession@113276b9
11:16:28.939 INFO - Handler thread for session 9e2f1a867cceacc017f2f5aae75a438b (chrome): Executing POST on /session/9e2f1a867cceacc017f2f5aae75a438b/element (handler: ServicedSession)
11:16:28.940 INFO - To upstream: {"using":"xpath","value":"//*[@id=\"mainnavmenu\"]/ul/li[2]/div/ul/li[5]/a/span"}
11:16:28.957 INFO - To downstream: {"sessionId":"9e2f1a867cceacc017f2f5aae75a438b","status":0,"value":{"ELEMENT":"0.5159408518469903-18"}}
11:16:28.960 INFO - Found handler: org.openqa.selenium.remote.server.ServicedSession@113276b9
11:16:28.960 INFO - Handler thread for session 9e2f1a867cceacc017f2f5aae75a438b (chrome): Executing GET on /session/9e2f1a867cceacc017f2f5aae75a438b/element/0.5159408518469903-18/displayed (handler: ServicedSession)
11:16:28.975 INFO - To downstream: {"sessionId":"9e2f1a867cceacc017f2f5aae75a438b","status":0,"value":true}
11:16:28.978 INFO - Found handler: org.openqa.selenium.remote.server.ServicedSession@113276b9
11:16:28.979 INFO - Handler thread for session 9e2f1a867cceacc017f2f5aae75a438b (chrome): Executing POST on /session/9e2f1a867cceacc017f2f5aae75a438b/elements (handler: ServicedSession)
11:16:28.980 INFO - To upstream: {"using":"xpath","value":"//*[@id=\"mainnavmenu\"]/ul/li[2]/div/ul/li[5]/a/span"}
11:16:28.997 INFO - To downstream: {"sessionId":"9e2f1a867cceacc017f2f5aae75a438b","status":0,"value":[{"ELEMENT":"0.5159408518469903-18"}]}
11:16:29.001 INFO - Found handler: org.openqa.selenium.remote.server.ServicedSession@113276b9
11:16:29.001 INFO - Handler thread for session 9e2f1a867cceacc017f2f5aae75a438b (chrome): Executing GET on /session/9e2f1a867cceacc017f2f5aae75a438b/element/0.5159408518469903-18/text (handler: ServicedSession)
11:16:29.018 INFO - To downstream: {"sessionId":"9e2f1a867cceacc017f2f5aae75a438b","status":0,"value":"Subscribe to news updates"}
11:16:29.028 INFO - Found handler: org.openqa.selenium.remote.server.ServicedSession@113276b9
11:16:29.028 INFO - Handler thread for session 9e2f1a867cceacc017f2f5aae75a438b (chrome): Executing DELETE on /session/9e2f1a867cceacc017f2f5aae75a438b (handler: ServicedSession)
11:16:29.089 INFO - To downstream: {"sessionId":"9e2f1a867cceacc017f2f5aae75a438b","status":0,"value":null}
11:16:29.096 INFO - Removing session org.openqa.selenium.remote.server.ServicedSession@113276b9
